Program
  FunctionDecl
    VOID
    Identifier
    (
    )
    StmtBlock
      {
      Variable
        Type
          Type
            INT
            INT
          [
          ]
        Identifier
      Variable
        Type
          Type
            BOOL
          [
          ]
        Identifier
      Variable
        Type
          Type
            INT
            INT
          [
          ]
        Identifier
      Variable
        Type
          Type
            STRING
          [
          ]
        Identifier
      }
