(class, KEYCLASS)
(Point, IDENTIFIER)
({, LEFTBRACE)
(int, TYPEINT)
(x, IDENTIFIER)
(;, SEMICOLON)
(int, TYPEINT)
(y, IDENTIFIER)
(;, SEMICOLON)
(void, TYPEVOID)
(Init, IDENTIFIER)
((, LEFTPAREN)
(int, TYPEINT)
(xVal, IDENTIFIER)
(,, COMMA)
(int, TYPEINT)
(yVal, IDENTIFIER)
(), RIGHTPAREN)
({, LEFTBRACE)
(x, IDENTIFIER)
(=, OPASSIGN)
(xVal, IDENTIFIER)
(;, SEMICOLON)
(y, IDENTIFIER)
(=, OPASSIGN)
(yVal, IDENTIFIER)
(;, SEMICOLON)
(}, RIGHTBRACE)
(void, TYPEVOID)
(PrintSelf, IDENTIFIER)
((, LEFTPAREN)
(), RIGHTPAREN)
({, LEFTBRACE)
(Print, KEYPRINT)
((, LEFTPAREN)
("[", CONSTANTSTR)
(,, COMMA)
(x, IDENTIFIER)
(,, COMMA)
(", ", CONSTANTSTR)
(,, COMMA)
(y, IDENTIFIER)
(,, COMMA)
("]\n", CONSTANTSTR)
(), RIGHTPAREN)
(;, SEMICOLON)
(}, RIGHTBRACE)
(}, RIGHTBRACE)
(class, KEYCLASS)
(Rect, IDENTIFIER)
({, LEFTBRACE)
(Point, IDENTIFIER)
