(void, TYPEVOID)
(TakeArray, IDENTIFIER)
((, LEFTPAREN)
(int, TYPEINT)
([, LEFTBRACKET)
(], RIGHTBRACKET)
(x, IDENTIFIER)
(), RIGHTPAREN)
({, LEFTBRACE)
(Print, KEYPRINT)
((, LEFTPAREN)
(x, IDENTIFIER)
([, LEFTBRACKET)
(4, CONSTANTINTD)
(], RIGHTBRACKET)
(,, COMMA)
(x, IDENTIFIER)
([, LEFTBRACKET)
(5, CONSTANTINTD)
(], RIGHTBRACKET)
(,, COMMA)
(x, IDENTIFIER)
(., PTR)
(length, IDENTIFIER)
((, LEFTPAREN)
(), RIGHTPAREN)
(), RIGHTPAREN)
(;, SEMICOLON)
(}, RIGHTBRACE)
(int, TYPEINT)
([, LEFTBRACKET)
(], RIGHTBRACKET)
(MakeArray, IDENTIFIER)
((, LEFTPAREN)
(int, TYPEINT)
(size, IDENTIFIER)
(), RIGHTPAREN)
({, LEFTBRACE)
(int, TYPEINT)
([, LEFTBRACKET)
(], RIGHTBRACKET)
(b, IDENTIFIER)
(;, SEMICOLON)
(b, IDENTIFIER)
(=, OPASSIGN)
(NewArray, KEYNEWARRAY)
((, LEFTPAREN)
(size, IDENTIFIER)
(,, COMMA)
(int, TYPEINT)
(), RIGHTPAREN)
(;, SEMICOLON)
(b, IDENTIFIER)
([, LEFTBRACKET)
(0, CONSTANTINTD)
(], RIGHTBRACKET)
(=, OPASSIGN)
(5, CONSTANTINTD)
(;, SEMICOLON)
(return, KEYRETURN)
(b, IDENTIFIER)
(;, SEMICOLON)
(}, RIGHTBRACE)
(void, TYPEVOID)
(main, IDENTIFIER)
((, LEFTPAREN)
(), RIGHTPAREN)
({, LEFTBRACE)
(int, TYPEINT)
([, LEFTBRACKET)
(], RIGHTBRACKET)
(y, IDENTIFIER)
(;, SEMICOLON)
(int, TYPEINT)
([, LEFTBRACKET)
(], RIGHTBRACKET)
(b, IDENTIFIER)
(;, SEMICOLON)
(y, IDENTIFIER)
(=, OPASSIGN)
(NewArray, KEYNEWARRAY)
((, LEFTPAREN)
(10, CONSTANTINTD)
(,, COMMA)
(int, TYPEINT)
(), RIGHTPAREN)
(;, SEMICOLON)
(y, IDENTIFIER)
([, LEFTBRACKET)
(4, CONSTANTINTD)
(], RIGHTBRACKET)
(=, OPASSIGN)
(3, CONSTANTINTD)
(;, SEMICOLON)
(y, IDENTIFIER)
([, LEFTBRACKET)
(5, CONSTANTINTD)
(], RIGHTBRACKET)
(=, OPASSIGN)
(4, CONSTANTINTD)
(;, SEMICOLON)
(TakeArray, IDENTIFIER)
((, LEFTPAREN)
(y, IDENTIFIER)
(), RIGHTPAREN)
(;, SEMICOLON)
(b, IDENTIFIER)
(=, OPASSIGN)
(MakeArray, IDENTIFIER)
((, LEFTPAREN)
(10, CONSTANTINTD)
(), RIGHTPAREN)
(;, SEMICOLON)
(Print, KEYPRINT)
((, LEFTPAREN)
(b, IDENTIFIER)
([, LEFTBRACKET)
(0, CONSTANTINTD)
(], RIGHTBRACKET)
(,, COMMA)
(b, IDENTIFIER)
(., PTR)
(length, IDENTIFIER)
((, LEFTPAREN)
(), RIGHTPAREN)
(,, COMMA)
(MakeArray, IDENTIFIER)
((, LEFTPAREN)
(5, CONSTANTINTD)
(), RIGHTPAREN)
(., PTR)
(length, IDENTIFIER)
((, LEFTPAREN)
(), RIGHTPAREN)
(), RIGHTPAREN)
(;, SEMICOLON)
(}, RIGHTBRACE)
