(class, KEYCLASS)
(B, IDENTIFIER)
({, LEFTBRACE)
(int, TYPEINT)
(z, IDENTIFIER)
(;, SEMICOLON)
(int, TYPEINT)
(GetZ, IDENTIFIER)
((, LEFTPAREN)
(), RIGHTPAREN)
({, LEFTBRACE)
(return, KEYRETURN)
(z, IDENTIFIER)
(;, SEMICOLON)
(}, RIGHTBRACE)
(}, RIGHTBRACE)
(void, TYPEVOID)
(binky, IDENTIFIER)
((, LEFTPAREN)
(B, IDENTIFIER)
(x, IDENTIFIER)
(), RIGHTPAREN)
({, LEFTBRACE)
(Print, KEYPRINT)
((, LEFTPAREN)
("x = ", CONSTANTSTR)
(,, COMMA)
(x, IDENTIFIER)
(., PTR)
(GetZ, IDENTIFIER)
((, LEFTPAREN)
(), RIGHTPAREN)
(,, COMMA)
("\n", CONSTANTSTR)
(), RIGHTPAREN)
(;, SEMICOLON)
(}, RIGHTBRACE)
(class, KEYCLASS)
(X, IDENTIFIER)
(extends, KEYEXTENDS)
(B, IDENTIFIER)
({, LEFTBRACE)
(void, TYPEVOID)
(f, IDENTIFIER)
((, LEFTPAREN)
(), RIGHTPAREN)
({, LEFTBRACE)
(z, IDENTIFIER)
(=, OPASSIGN)
(3, CONSTANTINTD)
(;, SEMICOLON)
(binky, IDENTIFIER)
((, LEFTPAREN)
(this, KEYTHIS)
(), RIGHTPAREN)
(;, SEMICOLON)
(}, RIGHTBRACE)
(bool, TYPEBOOL)
(compare, IDENTIFIER)
((, LEFTPAREN)
(X, IDENTIFIER)
(other, IDENTIFIER)
(), RIGHTPAREN)
({, LEFTBRACE)
(return, KEYRETURN)
(this, KEYTHIS)
(==, EQUAL)
(other, IDENTIFIER)
(;, SEMICOLON)
(}, RIGHTBRACE)
(}, RIGHTBRACE)
(void, TYPEVOID)
(main, IDENTIFIER)
((, LEFTPAREN)
(), RIGHTPAREN)
({, LEFTBRACE)
(X, IDENTIFIER)
(d, IDENTIFIER)
(;, SEMICOLON)
(d, IDENTIFIER)
(=, OPASSIGN)
(new, KEYNEW)
(X, IDENTIFIER)
(;, SEMICOLON)
(d, IDENTIFIER)
(., PTR)
(f, IDENTIFIER)
((, LEFTPAREN)
(), RIGHTPAREN)
(;, SEMICOLON)
(if, KEYIF)
((, LEFTPAREN)
(d, IDENTIFIER)
(., PTR)
(compare, IDENTIFIER)
((, LEFTPAREN)
(d, IDENTIFIER)
(), RIGHTPAREN)
(), RIGHTPAREN)
(Print, KEYPRINT)
((, LEFTPAREN)
("Same", CONSTANTSTR)
(), RIGHTPAREN)
(;, SEMICOLON)
(else, KEYELSE)
(Print, KEYPRINT)
((, LEFTPAREN)
("Different", CONSTANTSTR)
(), RIGHTPAREN)
(;, SEMICOLON)
(}, RIGHTBRACE)
