(void, TYPEVOID)
(SayHi, IDENTIFIER)
((, LEFTPAREN)
(), RIGHTPAREN)
({, LEFTBRACE)
(int, TYPEINT)
(c, IDENTIFIER)
(;, SEMICOLON)
(c, IDENTIFIER)
(=, OPASSIGN)
(15, CONSTANTINTD)
(;, SEMICOLON)
(if, KEYIF)
((, LEFTPAREN)
(false, CONSTANTFALSE)
(), RIGHTPAREN)
(return, KEYRETURN)
(;, SEMICOLON)
(c, IDENTIFIER)
(=, OPASSIGN)
(c, IDENTIFIER)
(-, OPSUB)
((, LEFTPAREN)
(c, IDENTIFIER)
(*, OPMUL)
(c, IDENTIFIER)
(), RIGHTPAREN)
(;, SEMICOLON)
(Print, KEYPRINT)
((, LEFTPAREN)
(2, CONSTANTINTD)
(*, OPMUL)
(c, IDENTIFIER)
(,, COMMA)
(c, IDENTIFIER)
(), RIGHTPAREN)
(;, SEMICOLON)
(}, RIGHTBRACE)
(int, TYPEINT)
(one, IDENTIFIER)
((, LEFTPAREN)
(int, TYPEINT)
(a, IDENTIFIER)
(,, COMMA)
(int, TYPEINT)
(b, IDENTIFIER)
(), RIGHTPAREN)
({, LEFTBRACE)
(SayHi, IDENTIFIER)
((, LEFTPAREN)
(), RIGHTPAREN)
(;, SEMICOLON)
(return, KEYRETURN)
((, LEFTPAREN)
(a, IDENTIFIER)
(-, OPSUB)
(1, CONSTANTINTD)
(), RIGHTPAREN)
(*, OPMUL)
(b, IDENTIFIER)
(+, OPADD)
(1, CONSTANTINTD)
(;, SEMICOLON)
(}, RIGHTBRACE)
(int, TYPEINT)
(two, IDENTIFIER)
((, LEFTPAREN)
(int, TYPEINT)
(c, IDENTIFIER)
(,, COMMA)
(bool, TYPEBOOL)
(b, IDENTIFIER)
(), RIGHTPAREN)
({, LEFTBRACE)
(int, TYPEINT)
(d, IDENTIFIER)
(;, SEMICOLON)
(c, IDENTIFIER)
(=, OPASSIGN)
(one, IDENTIFIER)
((, LEFTPAREN)
(c, IDENTIFIER)
(,, COMMA)
(3, CONSTANTINTD)
(), RIGHTPAREN)
(;, SEMICOLON)
(d, IDENTIFIER)
(=, OPASSIGN)
(one, IDENTIFIER)
((, LEFTPAREN)
(4, CONSTANTINTD)
(,, COMMA)
(5, CONSTANTINTD)
(), RIGHTPAREN)
(;, SEMICOLON)
(Print, KEYPRINT)
((, LEFTPAREN)
(c, IDENTIFIER)
(,, COMMA)
(d, IDENTIFIER)
(,, COMMA)
("\n", CONSTANTSTR)
(), RIGHTPAREN)
(;, SEMICOLON)
(b, IDENTIFIER)
(=, OPASSIGN)
(c, IDENTIFIER)
(<, LESS)
(d, IDENTIFIER)
(;, SEMICOLON)
(if, KEYIF)
((, LEFTPAREN)
(b, IDENTIFIER)
(), RIGHTPAREN)
(return, KEYRETURN)
(c, IDENTIFIER)
(*, OPMUL)
(d, IDENTIFIER)
(;, SEMICOLON)
(else, KEYELSE)
(return, KEYRETURN)
(c, IDENTIFIER)
(/, OPDIV)
(d, IDENTIFIER)
(;, SEMICOLON)
(}, RIGHTBRACE)
(int, TYPEINT)
(three, IDENTIFIER)
((, LEFTPAREN)
(int, TYPEINT)
(a, IDENTIFIER)
(), RIGHTPAREN)
({, LEFTBRACE)
(int, TYPEINT)
(b, IDENTIFIER)
(;, SEMICOLON)
(int, TYPEINT)
(c, IDENTIFIER)
(;, SEMICOLON)
(b, IDENTIFIER)
(=, OPASSIGN)
(3, CONSTANTINTD)
(*, OPMUL)
(a, IDENTIFIER)
(;, SEMICOLON)
(c, IDENTIFIER)
(=, OPASSIGN)
(two, IDENTIFIER)
((, LEFTPAREN)
(b, IDENTIFIER)
(,, COMMA)
(b, IDENTIFIER)
(==, EQUAL)
(3, CONSTANTINTD)
(), RIGHTPAREN)
(;, SEMICOLON)
(b, IDENTIFIER)
(=, OPASSIGN)
(two, IDENTIFIER)
((, LEFTPAREN)
(c, IDENTIFIER)
(,, COMMA)
(b, IDENTIFIER)
(==, EQUAL)
(3, CONSTANTINTD)
(), RIGHTPAREN)
(;, SEMICOLON)
(Print, KEYPRINT)
((, LEFTPAREN)
(b, IDENTIFIER)
(,, COMMA)
(c, IDENTIFIER)
(,, COMMA)
("\n", CONSTANTSTR)
(), RIGHTPAREN)
(;, SEMICOLON)
(}, RIGHTBRACE)
(void, TYPEVOID)
(main, IDENTIFIER)
((, LEFTPAREN)
(), RIGHTPAREN)
({, LEFTBRACE)
(int, TYPEINT)
(i, IDENTIFIER)
(;, SEMICOLON)
(for, KEYFOR)
((, LEFTPAREN)
(i, IDENTIFIER)
(=, OPASSIGN)
(0, CONSTANTINTD)
(;, SEMICOLON)
(i, IDENTIFIER)
(<, LESS)
(4, CONSTANTINTD)
(;, SEMICOLON)
(i, IDENTIFIER)
(=, OPASSIGN)
(i, IDENTIFIER)
(+, OPADD)
(1, CONSTANTINTD)
(), RIGHTPAREN)
({, LEFTBRACE)
(three, IDENTIFIER)
((, LEFTPAREN)
(i, IDENTIFIER)
(*, OPMUL)
(10, CONSTANTINTD)
(), RIGHTPAREN)
(;, SEMICOLON)
(}, RIGHTBRACE)
(}, RIGHTBRACE)
