Program
  FunctionDecl
    VOID
    Identifier (SayHi)
    (
    )
    StmtBlock
      {
      Variable
        Type (int)
        Identifier (c)
      Expr
        LValue
          Identifier (c)
        =
        Constant
          INTCONSTANT (15)
      IfStmt
        IF
        (
        Constant
          BOOLCONSTANT (false)
        )
        ReturnStmt
          RETURN
          ;
      Expr
        LValue
          Identifier (c)
        =
        Expr
          LValue
            Identifier (c)
          -
          Expr
            LValue
              Identifier (c)
            *
            LValue
              Identifier (c)
      PrintStmt
        PRINT
        (
        Expr
          Constant
            INTCONSTANT (2)
          *
          LValue
            Identifier (c)
        ,
        LValue
          Identifier (c)
        )
        ;
      }
  FunctionDecl
    Type (int)
    Identifier (one)
    (
    Variable
      Type (int)
      Identifier (a)
    ,
    Variable
      Type (int)
      Identifier (b)
    )
    StmtBlock
      {
      Call
        Identifier (SayHi)
        (
        )
      ReturnStmt
        RETURN
        Expr
          Expr
            Expr
              LValue
                Identifier (a)
              -
              Constant
                INTCONSTANT (1)
            *
            LValue
              Identifier (b)
          +
          Constant
            INTCONSTANT (1)
        ;
      }
  FunctionDecl
    Type (int)
    Identifier (two)
    (
    Variable
      Type (int)
      Identifier (c)
    ,
    Variable
      Type (bool)
      Identifier (b)
    )
    StmtBlock
      {
      Variable
        Type (int)
        Identifier (d)
      Expr
        LValue
          Identifier (c)
        =
        Call
          Identifier (one)
          (
          LValue
            Identifier (c)
          ,
          Constant
            INTCONSTANT (3)
          )
      Expr
        LValue
          Identifier (d)
        =
        Call
          Identifier (one)
          (
          Constant
            INTCONSTANT (4)
          ,
          Constant
            INTCONSTANT (5)
          )
      PrintStmt
        PRINT
        (
        LValue
          Identifier (c)
        ,
        LValue
          Identifier (d)
        ,
        Constant
          STRING_LITERAL ("\n")
        )
        ;
      Expr
        LValue
          Identifier (b)
        =
        Expr
          LValue
            Identifier (c)
          <
          LValue
            Identifier (d)
      IfStmt
        IF
        (
        LValue
          Identifier (b)
        )
        ReturnStmt
          RETURN
          Expr
            LValue
              Identifier (c)
            *
            LValue
              Identifier (d)
          ;
        ELSE
        ReturnStmt
          RETURN
          Expr
            LValue
              Identifier (c)
            /
            LValue
              Identifier (d)
          ;
      }
  FunctionDecl
    Type (int)
    Identifier (three)
    (
    Variable
      Type (int)
      Identifier (a)
    )
    StmtBlock
      {
      Variable
        Type (int)
        Identifier (b)
      Variable
        Type (int)
        Identifier (c)
      Expr
        LValue
          Identifier (b)
        =
        Expr
          Constant
            INTCONSTANT (3)
          *
          LValue
            Identifier (a)
      Expr
        LValue
          Identifier (c)
        =
        Call
          Identifier (two)
          (
          LValue
            Identifier (b)
          ,
          Expr
            LValue
              Identifier (b)
            ==
            Constant
              INTCONSTANT (3)
          )
      Expr
        LValue
          Identifier (b)
        =
        Call
          Identifier (two)
          (
          LValue
            Identifier (c)
          ,
          Expr
            LValue
              Identifier (b)
            ==
            Constant
              INTCONSTANT (3)
          )
      PrintStmt
        PRINT
        (
        LValue
          Identifier (b)
        ,
        LValue
          Identifier (c)
        ,
        Constant
          STRING_LITERAL ("\n")
        )
        ;
      }
  FunctionDecl
    VOID
    Identifier (main)
    (
    )
    StmtBlock
      {
      Variable
        Type (int)
        Identifier (i)
      ForStmt
        FOR
        (
        Expr
          LValue
            Identifier (i)
          =
          Constant
            INTCONSTANT (0)
        ;
        Expr
          LValue
            Identifier (i)
          <
          Constant
            INTCONSTANT (4)
        ;
        Expr
          LValue
            Identifier (i)
          =
          Expr
            LValue
              Identifier (i)
            +
            Constant
              INTCONSTANT (1)
        )
        StmtBlock
          {
          Call
            Identifier (three)
            (
            Expr
              LValue
                Identifier (i)
              *
              Constant
                INTCONSTANT (10)
            )
          }
      }
