(class, KEYCLASS)
(Animal, IDENTIFIER)
({, LEFTBRACE)
(void, TYPEVOID)
(Method, IDENTIFIER)
((, LEFTPAREN)
(), RIGHTPAREN)
({, LEFTBRACE)
(Print, KEYPRINT)
((, LEFTPAREN)
("Hello from Animal\n", CONSTANTSTR)
(), RIGHTPAREN)
(;, SEMICOLON)
(}, RIGHTBRACE)
(void, TYPEVOID)
(Method1, IDENTIFIER)
((, LEFTPAREN)
(), RIGHTPAREN)
({, LEFTBRACE)
(Print, KEYPRINT)
((, LEFTPAREN)
("Animal", CONSTANTSTR)
(), RIGHTPAREN)
(;, SEMICOLON)
(}, RIGHTBRACE)
(void, TYPEVOID)
(AMethod, IDENTIFIER)
((, LEFTPAREN)
(), RIGHTPAREN)
({, LEFTBRACE)
(Print, KEYPRINT)
((, LEFTPAREN)
("not overridden\n", CONSTANTSTR)
(), RIGHTPAREN)
(;, SEMICOLON)
(}, RIGHTBRACE)
(}, RIGHTBRACE)
(class, KEYCLASS)
(Cow, IDENTIFIER)
(extends, KEYEXTENDS)
(Animal, IDENTIFIER)
({, LEFTBRACE)
(void, TYPEVOID)
(Method, IDENTIFIER)
((, LEFTPAREN)
(), RIGHTPAREN)
({, LEFTBRACE)
(Print, KEYPRINT)
((, LEFTPAREN)
("Hello from Cow", CONSTANTSTR)
(), RIGHTPAREN)
(;, SEMICOLON)
(}, RIGHTBRACE)
(void, TYPEVOID)
(Method2, IDENTIFIER)
((, LEFTPAREN)
(), RIGHTPAREN)
({, LEFTBRACE)
(Print, KEYPRINT)
((, LEFTPAREN)
("Cow2", CONSTANTSTR)
(), RIGHTPAREN)
(;, SEMICOLON)
(Method1, IDENTIFIER)
((, LEFTPAREN)
(), RIGHTPAREN)
(;, SEMICOLON)
(}, RIGHTBRACE)
(void, TYPEVOID)
(Method1, IDENTIFIER)
((, LEFTPAREN)
(), RIGHTPAREN)
({, LEFTBRACE)
(Print, KEYPRINT)
((, LEFTPAREN)
("Cow", CONSTANTSTR)
(), RIGHTPAREN)
(;, SEMICOLON)
(}, RIGHTBRACE)
(void, TYPEVOID)
(AMethod, IDENTIFIER)
((, LEFTPAREN)
(), RIGHTPAREN)
({, LEFTBRACE)
(}, RIGHTBRACE)
(}, RIGHTBRACE)
(class, KEYCLASS)
(Jersey, IDENTIFIER)
(extends, KEYEXTENDS)
(Cow, IDENTIFIER)
({, LEFTBRACE)
(void, TYPEVOID)
(Method, IDENTIFIER)
((, LEFTPAREN)
(), RIGHTPAREN)
({, LEFTBRACE)
(Print, KEYPRINT)
((, LEFTPAREN)
("Hello from Jersey.", CONSTANTSTR)
(), RIGHTPAREN)
(;, SEMICOLON)
(}, RIGHTBRACE)
(void, TYPEVOID)
(Method3, IDENTIFIER)
((, LEFTPAREN)
(), RIGHTPAREN)
({, LEFTBRACE)
(Print, KEYPRINT)
((, LEFTPAREN)
("Jersey3", CONSTANTSTR)
(), RIGHTPAREN)
(;, SEMICOLON)
(Method2, IDENTIFIER)
((, LEFTPAREN)
(), RIGHTPAREN)
(;, SEMICOLON)
(}, RIGHTBRACE)
(void, TYPEVOID)
(Method1, IDENTIFIER)
((, LEFTPAREN)
(), RIGHTPAREN)
({, LEFTBRACE)
(Print, KEYPRINT)
((, LEFTPAREN)
("Jersey", CONSTANTSTR)
(), RIGHTPAREN)
(;, SEMICOLON)
(}, RIGHTBRACE)
(}, RIGHTBRACE)
(void, TYPEVOID)
(main, IDENTIFIER)
((, LEFTPAREN)
(), RIGHTPAREN)
({, LEFTBRACE)
(Cow, IDENTIFIER)
(a, IDENTIFIER)
(;, SEMICOLON)
(Jersey, IDENTIFIER)
(j, IDENTIFIER)
(;, SEMICOLON)
(a, IDENTIFIER)
(=, OPASSIGN)
(new, KEYNEW)
(Cow, IDENTIFIER)
(;, SEMICOLON)
(a, IDENTIFIER)
(., PTR)
(Method2, IDENTIFIER)
((, LEFTPAREN)
(), RIGHTPAREN)
(;, SEMICOLON)
(j, IDENTIFIER)
(=, OPASSIGN)
(new, KEYNEW)
(Jersey, IDENTIFIER)
(;, SEMICOLON)
(a, IDENTIFIER)
(=, OPASSIGN)
(j, IDENTIFIER)
(;, SEMICOLON)
(a, IDENTIFIER)
(., PTR)
(Method2, IDENTIFIER)
((, LEFTPAREN)
(), RIGHTPAREN)
(;, SEMICOLON)
(j, IDENTIFIER)
(., PTR)
(Method3, IDENTIFIER)
((, LEFTPAREN)
(), RIGHTPAREN)
(;, SEMICOLON)
(a, IDENTIFIER)
(., PTR)
(Method, IDENTIFIER)
((, LEFTPAREN)
(), RIGHTPAREN)
(;, SEMICOLON)
(}, RIGHTBRACE)
